23-12-12 09:53:44.222 - INFO:   name: train
  use_tb_logger: False
  model: enhancement_model
  distortion: sr
  scale: 1
  gpu_ids: [0]
  datasets:[
    train:[
      name: ll_dataset
      interval_list: [1]
      random_reverse: False
      border_mode: False
      dataroot_GT: /root/autodl-fs/Training data/Huawei/high
      dataroot_LQ: /root/autodl-fs/Training data/Huawei/low
      n_workers: 3
      batch_size: 8
      GT_size: 384
      LQ_size: 384
      use_flip: True
      use_rot: True
      color: RGB
      phase: train
      scale: 1
      data_type: img
    ]
    val:[
      name: ll_dataset
      dataroot_GT: /root/autodl-fs/Eval/Huawei/high
      dataroot_LQ: /root/autodl-fs/Eval/Huawei/low
      train_size: [600, 400]
      phase: val
      scale: 1
      data_type: img
    ]
  ]
  network_G:[
    which_model_G: FourLLIE
    nf: 32
    scale: 1
  ]
  path:[
    root: ./
    strict_load: False
    experiments_root: ./experiments/train
    models: ./experiments/train/models
    training_state: ./experiments/train/training_state
    log: ./experiments/train
    val_images: ./experiments/train/val_images
  ]
  train:[
    lr_G: 0.0001
    lr_scheme: MultiStepLR
    beta1: 0.9
    beta2: 0.99
    niter: 100000
    lr_steps: [15000, 30000, 50000, 800000, 100000]
    ft_tsa_only: 0
    warmup_iter: 100
    lr_gamma: 0.5
    eta_min: 1e-07
    pixel_criterion: cb
    pixel_weight: 1.0
    val_freq: 1000.0
    manual.resize960x512_seed: 0
  ]
  logger:[
    print_freq: 1000
    save_checkpoint_freq: 1000.0
  ]
  is_train: True
  dist: False

23-12-12 09:53:44.222 - INFO: Random seed: 6050
23-12-12 09:53:44.283 - INFO: Dataset [ll_dataset - ll_dataset] is created.
23-12-12 09:53:44.284 - INFO: Number of train images: 2,450, iters: 307
23-12-12 09:53:44.284 - INFO: Total epochs needed: 326 for iters 100,000
23-12-12 09:53:44.287 - INFO: Dataset [ll_dataset - ll_dataset] is created.
23-12-12 09:53:44.288 - INFO: Number of val images in [ll_dataset]: 30
23-12-12 09:53:49.281 - INFO: Network G structure: DataParallel - FourLLIE, with parameters: 393,542
23-12-12 09:53:49.281 - INFO: FourLLIE(
  (AmpNet): Sequential(
    (0): AmplitudeNet_skip(
      (conv0): Sequential(
        (0): Conv2d(3, 8, kernel_size=(1, 1), stride=(1, 1))
        (1): ProcessBlock(
          (spatial_process): SpaBlock(
            (block): Sequential(
              (0): Conv2d(8, 8, kernel_size=(3, 3), stride=(1, 1), padding=(1, 1))
              (1): LeakyReLU(negative_slope=0.1, inplace=True)
              (2): Conv2d(8, 8, kernel_size=(3, 3), stride=(1, 1), padding=(1, 1))
              (3): LeakyReLU(negative_slope=0.1, inplace=True)
            )
          )
          (frequency_process): FreBlock(
            (fpre): Conv2d(8, 8, kernel_size=(1, 1), stride=(1, 1))
            (process1): Sequential(
              (0): Conv2d(8, 8, kernel_size=(1, 1), stride=(1, 1))
              (1): LeakyReLU(negative_slope=0.1, inplace=True)
              (2): Conv2d(8, 8, kernel_size=(1, 1), stride=(1, 1))
            )
            (process2): Sequential(
              (0): Conv2d(8, 8, kernel_size=(1, 1), stride=(1, 1))
              (1): LeakyReLU(negative_slope=0.1, inplace=True)
              (2): Conv2d(8, 8, kernel_size=(1, 1), stride=(1, 1))
            )
          )
          (cat): Conv2d(16, 8, kernel_size=(1, 1), stride=(1, 1))
        )
      )
      (conv1): ProcessBlock(
        (spatial_process): SpaBlock(
          (block): Sequential(
            (0): Conv2d(8, 8, kernel_size=(3, 3), stride=(1, 1), padding=(1, 1))
            (1): LeakyReLU(negative_slope=0.1, inplace=True)
            (2): Conv2d(8, 8, kernel_size=(3, 3), stride=(1, 1), padding=(1, 1))
            (3): LeakyReLU(negative_slope=0.1, inplace=True)
          )
        )
        (frequency_process): FreBlock(
          (fpre): Conv2d(8, 8, kernel_size=(1, 1), stride=(1, 1))
          (process1): Sequential(
            (0): Conv2d(8, 8, kernel_size=(1, 1), stride=(1, 1))
            (1): LeakyReLU(negative_slope=0.1, inplace=True)
            (2): Conv2d(8, 8, kernel_size=(1, 1), stride=(1, 1))
          )
          (process2): Sequential(
            (0): Conv2d(8, 8, kernel_size=(1, 1), stride=(1, 1))
            (1): LeakyReLU(negative_slope=0.1, inplace=True)
            (2): Conv2d(8, 8, kernel_size=(1, 1), stride=(1, 1))
          )
        )
        (cat): Conv2d(16, 8, kernel_size=(1, 1), stride=(1, 1))
      )
      (conv2): ProcessBlock(
        (spatial_process): SpaBlock(
          (block): Sequential(
            (0): Conv2d(8, 8, kernel_size=(3, 3), stride=(1, 1), padding=(1, 1))
            (1): LeakyReLU(negative_slope=0.1, inplace=True)
            (2): Conv2d(8, 8, kernel_size=(3, 3), stride=(1, 1), padding=(1, 1))
            (3): LeakyReLU(negative_slope=0.1, inplace=True)
          )
        )
        (frequency_process): FreBlock(
          (fpre): Conv2d(8, 8, kernel_size=(1, 1), stride=(1, 1))
          (process1): Sequential(
            (0): Conv2d(8, 8, kernel_size=(1, 1), stride=(1, 1))
            (1): LeakyReLU(negative_slope=0.1, inplace=True)
            (2): Conv2d(8, 8, kernel_size=(1, 1), stride=(1, 1))
          )
          (process2): Sequential(
            (0): Conv2d(8, 8, kernel_size=(1, 1), stride=(1, 1))
            (1): LeakyReLU(negative_slope=0.1, inplace=True)
            (2): Conv2d(8, 8, kernel_size=(1, 1), stride=(1, 1))
          )
        )
        (cat): Conv2d(16, 8, kernel_size=(1, 1), stride=(1, 1))
      )
      (conv3): ProcessBlock(
        (spatial_process): SpaBlock(
          (block): Sequential(
            (0): Conv2d(8, 8, kernel_size=(3, 3), stride=(1, 1), padding=(1, 1))
            (1): LeakyReLU(negative_slope=0.1, inplace=True)
            (2): Conv2d(8, 8, kernel_size=(3, 3), stride=(1, 1), padding=(1, 1))
            (3): LeakyReLU(negative_slope=0.1, inplace=True)
          )
        )
        (frequency_process): FreBlock(
          (fpre): Conv2d(8, 8, kernel_size=(1, 1), stride=(1, 1))
          (process1): Sequential(
            (0): Conv2d(8, 8, kernel_size=(1, 1), stride=(1, 1))
            (1): LeakyReLU(negative_slope=0.1, inplace=True)
            (2): Conv2d(8, 8, kernel_size=(1, 1), stride=(1, 1))
          )
          (process2): Sequential(
            (0): Conv2d(8, 8, kernel_size=(1, 1), stride=(1, 1))
            (1): LeakyReLU(negative_slope=0.1, inplace=True)
            (2): Conv2d(8, 8, kernel_size=(1, 1), stride=(1, 1))
          )
        )
        (cat): Conv2d(16, 8, kernel_size=(1, 1), stride=(1, 1))
      )
      (conv4): Sequential(
        (0): ProcessBlock(
          (spatial_process): SpaBlock(
            (block): Sequential(
              (0): Conv2d(16, 16, kernel_size=(3, 3), stride=(1, 1), padding=(1, 1))
              (1): LeakyReLU(negative_slope=0.1, inplace=True)
              (2): Conv2d(16, 16, kernel_size=(3, 3), stride=(1, 1), padding=(1, 1))
              (3): LeakyReLU(negative_slope=0.1, inplace=True)
            )
          )
          (frequency_process): FreBlock(
            (fpre): Conv2d(16, 16, kernel_size=(1, 1), stride=(1, 1))
            (process1): Sequential(
              (0): Conv2d(16, 16, kernel_size=(1, 1), stride=(1, 1))
              (1): LeakyReLU(negative_slope=0.1, inplace=True)
              (2): Conv2d(16, 16, kernel_size=(1, 1), stride=(1, 1))
            )
            (process2): Sequential(
              (0): Conv2d(16, 16, kernel_size=(1, 1), stride=(1, 1))
              (1): LeakyReLU(negative_slope=0.1, inplace=True)
              (2): Conv2d(16, 16, kernel_size=(1, 1), stride=(1, 1))
            )
          )
          (cat): Conv2d(32, 16, kernel_size=(1, 1), stride=(1, 1))
        )
        (1): Conv2d(16, 8, kernel_size=(1, 1), stride=(1, 1))
      )
      (conv5): Sequential(
        (0): ProcessBlock(
          (spatial_process): SpaBlock(
            (block): Sequential(
              (0): Conv2d(16, 16, kernel_size=(3, 3), stride=(1, 1), padding=(1, 1))
              (1): LeakyReLU(negative_slope=0.1, inplace=True)
              (2): Conv2d(16, 16, kernel_size=(3, 3), stride=(1, 1), padding=(1, 1))
              (3): LeakyReLU(negative_slope=0.1, inplace=True)
            )
          )
          (frequency_process): FreBlock(
            (fpre): Conv2d(16, 16, kernel_size=(1, 1), stride=(1, 1))
            (process1): Sequential(
              (0): Conv2d(16, 16, kernel_size=(1, 1), stride=(1, 1))
              (1): LeakyReLU(negative_slope=0.1, inplace=True)
              (2): Conv2d(16, 16, kernel_size=(1, 1), stride=(1, 1))
            )
            (process2): Sequential(
              (0): Conv2d(16, 16, kernel_size=(1, 1), stride=(1, 1))
              (1): LeakyReLU(negative_slope=0.1, inplace=True)
              (2): Conv2d(16, 16, kernel_size=(1, 1), stride=(1, 1))
            )
          )
          (cat): Conv2d(32, 16, kernel_size=(1, 1), stride=(1, 1))
        )
        (1): Conv2d(16, 8, kernel_size=(1, 1), stride=(1, 1))
      )
      (convout): Sequential(
        (0): ProcessBlock(
          (spatial_process): SpaBlock(
            (block): Sequential(
              (0): Conv2d(16, 16, kernel_size=(3, 3), stride=(1, 1), padding=(1, 1))
              (1): LeakyReLU(negative_slope=0.1, inplace=True)
              (2): Conv2d(16, 16, kernel_size=(3, 3), stride=(1, 1), padding=(1, 1))
              (3): LeakyReLU(negative_slope=0.1, inplace=True)
            )
          )
          (frequency_process): FreBlock(
            (fpre): Conv2d(16, 16, kernel_size=(1, 1), stride=(1, 1))
            (process1): Sequential(
              (0): Conv2d(16, 16, kernel_size=(1, 1), stride=(1, 1))
              (1): LeakyReLU(negative_slope=0.1, inplace=True)
              (2): Conv2d(16, 16, kernel_size=(1, 1), stride=(1, 1))
            )
            (process2): Sequential(
              (0): Conv2d(16, 16, kernel_size=(1, 1), stride=(1, 1))
              (1): LeakyReLU(negative_slope=0.1, inplace=True)
              (2): Conv2d(16, 16, kernel_size=(1, 1), stride=(1, 1))
            )
          )
          (cat): Conv2d(32, 16, kernel_size=(1, 1), stride=(1, 1))
        )
        (1): Conv2d(16, 3, kernel_size=(1, 1), stride=(1, 1))
      )
    )
    (1): Sigmoid()
  )
  (conv_first_1): Conv2d(6, 32, kernel_size=(3, 3), stride=(1, 1), padding=(1, 1))
  (conv_first_2): Conv2d(32, 32, kernel_size=(3, 3), stride=(2, 2), padding=(1, 1))
  (conv_first_3): Conv2d(32, 32, kernel_size=(3, 3), stride=(2, 2), padding=(1, 1))
  (feature_extraction): Sequential(
    (0): ResidualBlock_noBN(
      (conv1): Conv2d(32, 32, kernel_size=(3, 3), stride=(1, 1), padding=(1, 1))
      (conv2): Conv2d(32, 32, kernel_size=(3, 3), stride=(1, 1), padding=(1, 1))
    )
  )
  (recon_trunk): Sequential(
    (0): ResidualBlock_noBN(
      (conv1): Conv2d(32, 32, kernel_size=(3, 3), stride=(1, 1), padding=(1, 1))
      (conv2): Conv2d(32, 32, kernel_size=(3, 3), stride=(1, 1), padding=(1, 1))
    )
  )
  (upconv1): Conv2d(64, 128, kernel_size=(3, 3), stride=(1, 1), padding=(1, 1))
  (upconv2): Conv2d(64, 128, kernel_size=(3, 3), stride=(1, 1), padding=(1, 1))
  (pixel_shuffle): PixelShuffle(upscale_factor=2)
  (HRconv): Conv2d(64, 32, kernel_size=(3, 3), stride=(1, 1), padding=(1, 1))
  (conv_last): Conv2d(32, 3, kernel_size=(3, 3), stride=(1, 1), padding=(1, 1))
  (lrelu): LeakyReLU(negative_slope=0.1, inplace=True)
  (spatial_frequency): SFNet(
    (conv1): ProcessBlock(
      (spatial_process): Identity()
      (frequency_process): FreBlock(
        (fpre): Conv2d(32, 32, kernel_size=(1, 1), stride=(1, 1))
        (process1): Sequential(
          (0): Conv2d(32, 32, kernel_size=(1, 1), stride=(1, 1))
          (1): LeakyReLU(negative_slope=0.1, inplace=True)
          (2): Conv2d(32, 32, kernel_size=(1, 1), stride=(1, 1))
        )
        (process2): Sequential(
          (0): Conv2d(32, 32, kernel_size=(1, 1), stride=(1, 1))
          (1): LeakyReLU(negative_slope=0.1, inplace=True)
          (2): Conv2d(32, 32, kernel_size=(1, 1), stride=(1, 1))
        )
      )
      (cat): Conv2d(32, 32, kernel_size=(1, 1), stride=(1, 1))
    )
    (conv2): ProcessBlock(
      (spatial_process): Identity()
      (frequency_process): FreBlock(
        (fpre): Conv2d(32, 32, kernel_size=(1, 1), stride=(1, 1))
        (process1): Sequential(
          (0): Conv2d(32, 32, kernel_size=(1, 1), stride=(1, 1))
          (1): LeakyReLU(negative_slope=0.1, inplace=True)
          (2): Conv2d(32, 32, kernel_size=(1, 1), stride=(1, 1))
        )
        (process2): Sequential(
          (0): Conv2d(32, 32, kernel_size=(1, 1), stride=(1, 1))
          (1): LeakyReLU(negative_slope=0.1, inplace=True)
          (2): Conv2d(32, 32, kernel_size=(1, 1), stride=(1, 1))
        )
      )
      (cat): Conv2d(32, 32, kernel_size=(1, 1), stride=(1, 1))
    )
    (conv3): ProcessBlock(
      (spatial_process): Identity()
      (frequency_process): FreBlock(
        (fpre): Conv2d(32, 32, kernel_size=(1, 1), stride=(1, 1))
        (process1): Sequential(
          (0): Conv2d(32, 32, kernel_size=(1, 1), stride=(1, 1))
          (1): LeakyReLU(negative_slope=0.1, inplace=True)
          (2): Conv2d(32, 32, kernel_size=(1, 1), stride=(1, 1))
        )
        (process2): Sequential(
          (0): Conv2d(32, 32, kernel_size=(1, 1), stride=(1, 1))
          (1): LeakyReLU(negative_slope=0.1, inplace=True)
          (2): Conv2d(32, 32, kernel_size=(1, 1), stride=(1, 1))
        )
      )
      (cat): Conv2d(32, 32, kernel_size=(1, 1), stride=(1, 1))
    )
    (conv4): ProcessBlock(
      (spatial_process): Identity()
      (frequency_process): FreBlock(
        (fpre): Conv2d(32, 32, kernel_size=(1, 1), stride=(1, 1))
        (process1): Sequential(
          (0): Conv2d(32, 32, kernel_size=(1, 1), stride=(1, 1))
          (1): LeakyReLU(negative_slope=0.1, inplace=True)
          (2): Conv2d(32, 32, kernel_size=(1, 1), stride=(1, 1))
        )
        (process2): Sequential(
          (0): Conv2d(32, 32, kernel_size=(1, 1), stride=(1, 1))
          (1): LeakyReLU(negative_slope=0.1, inplace=True)
          (2): Conv2d(32, 32, kernel_size=(1, 1), stride=(1, 1))
        )
      )
      (cat): Conv2d(32, 32, kernel_size=(1, 1), stride=(1, 1))
    )
    (conv5): ProcessBlock(
      (spatial_process): Identity()
      (frequency_process): FreBlock(
        (fpre): Conv2d(32, 32, kernel_size=(1, 1), stride=(1, 1))
        (process1): Sequential(
          (0): Conv2d(32, 32, kernel_size=(1, 1), stride=(1, 1))
          (1): LeakyReLU(negative_slope=0.1, inplace=True)
          (2): Conv2d(32, 32, kernel_size=(1, 1), stride=(1, 1))
        )
        (process2): Sequential(
          (0): Conv2d(32, 32, kernel_size=(1, 1), stride=(1, 1))
          (1): LeakyReLU(negative_slope=0.1, inplace=True)
          (2): Conv2d(32, 32, kernel_size=(1, 1), stride=(1, 1))
        )
      )
      (cat): Conv2d(32, 32, kernel_size=(1, 1), stride=(1, 1))
    )
  )
  (recon_trunk_light): Sequential(
    (0): ResidualBlock_noBN(
      (conv1): Conv2d(32, 32, kernel_size=(3, 3), stride=(1, 1), padding=(1, 1))
      (conv2): Conv2d(32, 32, kernel_size=(3, 3), stride=(1, 1), padding=(1, 1))
    )
    (1): ResidualBlock_noBN(
      (conv1): Conv2d(32, 32, kernel_size=(3, 3), stride=(1, 1), padding=(1, 1))
      (conv2): Conv2d(32, 32, kernel_size=(3, 3), stride=(1, 1), padding=(1, 1))
    )
    (2): ResidualBlock_noBN(
      (conv1): Conv2d(32, 32, kernel_size=(3, 3), stride=(1, 1), padding=(1, 1))
      (conv2): Conv2d(32, 32, kernel_size=(3, 3), stride=(1, 1), padding=(1, 1))
    )
    (3): ResidualBlock_noBN(
      (conv1): Conv2d(32, 32, kernel_size=(3, 3), stride=(1, 1), padding=(1, 1))
      (conv2): Conv2d(32, 32, kernel_size=(3, 3), stride=(1, 1), padding=(1, 1))
    )
    (4): ResidualBlock_noBN(
      (conv1): Conv2d(32, 32, kernel_size=(3, 3), stride=(1, 1), padding=(1, 1))
      (conv2): Conv2d(32, 32, kernel_size=(3, 3), stride=(1, 1), padding=(1, 1))
    )
    (5): ResidualBlock_noBN(
      (conv1): Conv2d(32, 32, kernel_size=(3, 3), stride=(1, 1), padding=(1, 1))
      (conv2): Conv2d(32, 32, kernel_size=(3, 3), stride=(1, 1), padding=(1, 1))
    )
  )
)
23-12-12 09:54:03.851 - INFO: Model [enhancement_model] is created.
23-12-12 09:54:03.851 - INFO: Start training from epoch: 0, iter: 0
23-12-12 09:59:40.442 - INFO: [epoch:  3, iter:   1,000, lr:(9.900e-05,)] l_pix: 2.7670e+05 l_amp: 7.6072e+05 l_vgg: 5.3486e-02 
23-12-12 10:00:17.081 - INFO: # Validation # PSNR: 1.9999e+01: best psnr : 1.9999e+01
23-12-12 10:00:17.081 - INFO: # Validation # SSIM: 6.0845e-01: best ssim : 6.0845e-01
23-12-12 10:00:17.081 - INFO: Saving models and training states.
23-12-12 10:05:48.560 - INFO: [epoch:  6, iter:   2,000, lr:(9.900e-05,)] l_pix: 2.7548e+05 l_amp: 8.3668e+05 l_vgg: 5.1366e-02 
23-12-12 10:06:24.911 - INFO: # Validation # PSNR: 2.0271e+01: best psnr : 2.0271e+01
23-12-12 10:06:24.911 - INFO: # Validation # SSIM: 6.1576e-01: best ssim : 6.1576e-01
23-12-12 10:06:24.912 - INFO: Saving models and training states.
23-12-12 10:11:56.877 - INFO: [epoch:  9, iter:   3,000, lr:(9.900e-05,)] l_pix: 3.3803e+05 l_amp: 1.0180e+06 l_vgg: 4.3008e-02 
23-12-12 10:12:33.304 - INFO: # Validation # PSNR: 2.0554e+01: best psnr : 2.0554e+01
23-12-12 10:12:33.304 - INFO: # Validation # SSIM: 6.1956e-01: best ssim : 6.1956e-01
23-12-12 10:12:33.304 - INFO: Saving models and training states.
23-12-12 10:18:06.165 - INFO: [epoch: 13, iter:   4,000, lr:(9.900e-05,)] l_pix: 3.2007e+05 l_amp: 8.2445e+05 l_vgg: 5.3386e-02 
23-12-12 10:18:42.388 - INFO: # Validation # PSNR: 2.0889e+01: best psnr : 2.0889e+01
23-12-12 10:18:42.388 - INFO: # Validation # SSIM: 6.2197e-01: best ssim : 6.2197e-01
23-12-12 10:18:42.389 - INFO: Saving models and training states.
23-12-12 10:24:14.802 - INFO: [epoch: 16, iter:   5,000, lr:(9.900e-05,)] l_pix: 3.0046e+05 l_amp: 8.6952e+05 l_vgg: 5.6369e-02 
23-12-12 10:24:50.943 - INFO: # Validation # PSNR: 2.0878e+01:
23-12-12 10:24:50.944 - INFO: # Validation # SSIM: 6.2364e-01: best ssim : 6.2364e-01
23-12-12 10:24:50.944 - INFO: Saving models and training states.
23-12-12 10:30:22.900 - INFO: [epoch: 19, iter:   6,000, lr:(9.900e-05,)] l_pix: 2.1706e+05 l_amp: 6.7773e+05 l_vgg: 3.9913e-02 
23-12-12 10:30:59.371 - INFO: # Validation # PSNR: 2.0841e+01:
23-12-12 10:30:59.371 - INFO: # Validation # SSIM: 6.2683e-01: best ssim : 6.2683e-01
23-12-12 10:30:59.371 - INFO: Saving models and training states.
23-12-12 10:36:31.543 - INFO: [epoch: 22, iter:   7,000, lr:(9.900e-05,)] l_pix: 2.6993e+05 l_amp: 6.2818e+05 l_vgg: 4.7313e-02 
23-12-12 10:37:07.395 - INFO: # Validation # PSNR: 2.0826e+01:
23-12-12 10:37:07.395 - INFO: # Validation # SSIM: 6.2070e-01:
23-12-12 10:37:07.395 - INFO: Saving models and training states.
23-12-12 10:42:40.192 - INFO: [epoch: 26, iter:   8,000, lr:(9.900e-05,)] l_pix: 2.5369e+05 l_amp: 6.1191e+05 l_vgg: 4.6449e-02 
23-12-12 10:43:16.589 - INFO: # Validation # PSNR: 2.0827e+01:
23-12-12 10:43:16.590 - INFO: # Validation # SSIM: 6.2415e-01:
23-12-12 10:43:16.590 - INFO: Saving models and training states.
23-12-12 10:48:50.464 - INFO: [epoch: 29, iter:   9,000, lr:(9.900e-05,)] l_pix: 3.2431e+05 l_amp: 6.0177e+05 l_vgg: 4.5251e-02 
23-12-12 10:49:26.953 - INFO: # Validation # PSNR: 2.0775e+01:
23-12-12 10:49:26.953 - INFO: # Validation # SSIM: 6.2476e-01:
23-12-12 10:49:26.953 - INFO: Saving models and training states.
23-12-12 10:54:59.745 - INFO: [epoch: 32, iter:  10,000, lr:(9.900e-05,)] l_pix: 2.8181e+05 l_amp: 6.5431e+05 l_vgg: 4.5705e-02 
23-12-12 10:55:36.270 - INFO: # Validation # PSNR: 2.0532e+01:
23-12-12 10:55:36.271 - INFO: # Validation # SSIM: 6.2452e-01:
23-12-12 10:55:36.271 - INFO: Saving models and training states.
23-12-12 11:01:09.049 - INFO: [epoch: 35, iter:  11,000, lr:(9.900e-05,)] l_pix: 2.4678e+05 l_amp: 7.6125e+05 l_vgg: 4.3063e-02 
23-12-12 11:01:45.042 - INFO: # Validation # PSNR: 2.0864e+01:
23-12-12 11:01:45.043 - INFO: # Validation # SSIM: 6.2520e-01:
23-12-12 11:01:45.043 - INFO: Saving models and training states.
23-12-12 11:07:16.842 - INFO: [epoch: 39, iter:  12,000, lr:(9.900e-05,)] l_pix: 2.8370e+05 l_amp: 6.7626e+05 l_vgg: 4.2594e-02 
23-12-12 11:07:52.295 - INFO: # Validation # PSNR: 2.0833e+01:
23-12-12 11:07:52.295 - INFO: # Validation # SSIM: 6.2834e-01: best ssim : 6.2834e-01
23-12-12 11:07:52.296 - INFO: Saving models and training states.
23-12-12 11:13:23.667 - INFO: [epoch: 42, iter:  13,000, lr:(9.900e-05,)] l_pix: 2.5814e+05 l_amp: 8.6339e+05 l_vgg: 4.5259e-02 
23-12-12 11:13:58.941 - INFO: # Validation # PSNR: 2.0759e+01:
23-12-12 11:13:58.941 - INFO: # Validation # SSIM: 6.2760e-01:
23-12-12 11:13:58.941 - INFO: Saving models and training states.
23-12-12 11:19:30.341 - INFO: [epoch: 45, iter:  14,000, lr:(9.900e-05,)] l_pix: 1.6657e+05 l_amp: 7.8117e+05 l_vgg: 4.0551e-02 
23-12-12 11:20:07.094 - INFO: # Validation # PSNR: 2.0903e+01: best psnr : 2.0903e+01
23-12-12 11:20:07.095 - INFO: # Validation # SSIM: 6.2534e-01:
23-12-12 11:20:07.095 - INFO: Saving models and training states.
23-12-12 11:25:40.064 - INFO: [epoch: 49, iter:  15,000, lr:(4.950e-05,)] l_pix: 3.4488e+05 l_amp: 6.6493e+05 l_vgg: 4.5164e-02 
23-12-12 11:26:16.095 - INFO: # Validation # PSNR: 2.0965e+01: best psnr : 2.0965e+01
23-12-12 11:26:16.095 - INFO: # Validation # SSIM: 6.2466e-01:
23-12-12 11:26:16.095 - INFO: Saving models and training states.
23-12-12 11:31:48.546 - INFO: [epoch: 52, iter:  16,000, lr:(4.950e-05,)] l_pix: 2.5103e+05 l_amp: 6.6907e+05 l_vgg: 4.1467e-02 
23-12-12 11:32:24.032 - INFO: # Validation # PSNR: 2.0726e+01:
23-12-12 11:32:24.032 - INFO: # Validation # SSIM: 6.2283e-01:
23-12-12 11:32:24.032 - INFO: Saving models and training states.
23-12-12 11:37:56.758 - INFO: [epoch: 55, iter:  17,000, lr:(4.950e-05,)] l_pix: 3.5705e+05 l_amp: 5.2776e+05 l_vgg: 3.6463e-02 
23-12-12 11:38:32.886 - INFO: # Validation # PSNR: 2.0819e+01:
23-12-12 11:38:32.887 - INFO: # Validation # SSIM: 6.2533e-01:
23-12-12 11:38:32.887 - INFO: Saving models and training states.
23-12-12 11:44:06.606 - INFO: [epoch: 58, iter:  18,000, lr:(4.950e-05,)] l_pix: 3.8683e+05 l_amp: 5.9122e+05 l_vgg: 4.1731e-02 
23-12-12 11:44:44.236 - INFO: # Validation # PSNR: 2.1002e+01: best psnr : 2.1002e+01
23-12-12 11:44:44.236 - INFO: # Validation # SSIM: 6.2785e-01:
23-12-12 11:44:44.236 - INFO: Saving models and training states.
23-12-12 11:50:18.785 - INFO: [epoch: 62, iter:  19,000, lr:(4.950e-05,)] l_pix: 2.7954e+05 l_amp: 4.9762e+05 l_vgg: 3.6761e-02 
23-12-12 11:50:56.491 - INFO: # Validation # PSNR: 2.0833e+01:
23-12-12 11:50:56.491 - INFO: # Validation # SSIM: 6.2636e-01:
23-12-12 11:50:56.491 - INFO: Saving models and training states.
23-12-12 11:56:31.158 - INFO: [epoch: 65, iter:  20,000, lr:(4.950e-05,)] l_pix: 2.8049e+05 l_amp: 5.3790e+05 l_vgg: 3.6971e-02 
23-12-12 11:57:09.339 - INFO: # Validation # PSNR: 2.0765e+01:
23-12-12 11:57:09.339 - INFO: # Validation # SSIM: 6.2632e-01:
23-12-12 11:57:09.339 - INFO: Saving models and training states.
23-12-12 12:02:42.874 - INFO: [epoch: 68, iter:  21,000, lr:(4.950e-05,)] l_pix: 3.9113e+05 l_amp: 9.1167e+05 l_vgg: 5.3735e-02 
23-12-12 12:03:20.428 - INFO: # Validation # PSNR: 2.0888e+01:
23-12-12 12:03:20.429 - INFO: # Validation # SSIM: 6.2502e-01:
23-12-12 12:03:20.429 - INFO: Saving models and training states.
23-12-12 12:08:53.562 - INFO: [epoch: 71, iter:  22,000, lr:(4.950e-05,)] l_pix: 2.9180e+05 l_amp: 8.5185e+05 l_vgg: 5.3261e-02 
23-12-12 12:09:31.152 - INFO: # Validation # PSNR: 2.0968e+01:
23-12-12 12:09:31.152 - INFO: # Validation # SSIM: 6.2190e-01:
23-12-12 12:09:31.152 - INFO: Saving models and training states.
23-12-12 12:15:05.392 - INFO: [epoch: 75, iter:  23,000, lr:(4.950e-05,)] l_pix: 3.7381e+05 l_amp: 6.0831e+05 l_vgg: 4.4220e-02 
23-12-12 12:15:42.736 - INFO: # Validation # PSNR: 2.0894e+01:
23-12-12 12:15:42.737 - INFO: # Validation # SSIM: 6.2728e-01:
23-12-12 12:15:42.737 - INFO: Saving models and training states.
23-12-12 12:21:16.509 - INFO: [epoch: 78, iter:  24,000, lr:(4.950e-05,)] l_pix: 2.5718e+05 l_amp: 6.2105e+05 l_vgg: 4.8443e-02 
23-12-12 12:21:55.100 - INFO: # Validation # PSNR: 2.0736e+01:
23-12-12 12:21:55.100 - INFO: # Validation # SSIM: 6.2600e-01:
23-12-12 12:21:55.100 - INFO: Saving models and training states.
23-12-12 12:27:32.863 - INFO: [epoch: 81, iter:  25,000, lr:(4.950e-05,)] l_pix: 2.1962e+05 l_amp: 6.0121e+05 l_vgg: 4.0582e-02 
23-12-12 12:28:11.446 - INFO: # Validation # PSNR: 2.0381e+01:
23-12-12 12:28:11.446 - INFO: # Validation # SSIM: 6.1945e-01:
23-12-12 12:28:11.446 - INFO: Saving models and training states.
23-12-12 12:33:48.393 - INFO: [epoch: 84, iter:  26,000, lr:(4.950e-05,)] l_pix: 3.4726e+05 l_amp: 8.2200e+05 l_vgg: 4.6563e-02 
23-12-12 12:34:26.389 - INFO: # Validation # PSNR: 2.0999e+01:
23-12-12 12:34:26.390 - INFO: # Validation # SSIM: 6.2669e-01:
23-12-12 12:34:26.390 - INFO: Saving models and training states.
23-12-12 12:40:02.320 - INFO: [epoch: 88, iter:  27,000, lr:(4.950e-05,)] l_pix: 3.2725e+05 l_amp: 6.4683e+05 l_vgg: 5.0654e-02 
23-12-12 12:40:40.197 - INFO: # Validation # PSNR: 2.0842e+01:
23-12-12 12:40:40.197 - INFO: # Validation # SSIM: 6.2422e-01:
23-12-12 12:40:40.197 - INFO: Saving models and training states.
23-12-12 12:46:15.066 - INFO: [epoch: 91, iter:  28,000, lr:(4.950e-05,)] l_pix: 3.2363e+05 l_amp: 7.5726e+05 l_vgg: 4.8044e-02 
23-12-12 12:46:52.751 - INFO: # Validation # PSNR: 2.1007e+01: best psnr : 2.1007e+01
23-12-12 12:46:52.752 - INFO: # Validation # SSIM: 6.2619e-01:
23-12-12 12:46:52.752 - INFO: Saving models and training states.
23-12-12 12:52:27.509 - INFO: [epoch: 94, iter:  29,000, lr:(4.950e-05,)] l_pix: 3.0130e+05 l_amp: 8.6582e+05 l_vgg: 4.6592e-02 
23-12-12 12:53:05.404 - INFO: # Validation # PSNR: 2.0881e+01:
23-12-12 12:53:05.404 - INFO: # Validation # SSIM: 6.2836e-01: best ssim : 6.2836e-01
23-12-12 12:53:05.404 - INFO: Saving models and training states.
23-12-12 12:58:41.375 - INFO: [epoch: 98, iter:  30,000, lr:(2.475e-05,)] l_pix: 2.9156e+05 l_amp: 7.4512e+05 l_vgg: 4.2809e-02 
23-12-12 12:59:19.593 - INFO: # Validation # PSNR: 2.0822e+01:
23-12-12 12:59:19.593 - INFO: # Validation # SSIM: 6.2328e-01:
23-12-12 12:59:19.593 - INFO: Saving models and training states.
23-12-12 13:04:56.887 - INFO: [epoch:101, iter:  31,000, lr:(2.475e-05,)] l_pix: 2.7004e+05 l_amp: 6.0168e+05 l_vgg: 3.8383e-02 
23-12-12 13:05:35.090 - INFO: # Validation # PSNR: 2.0874e+01:
23-12-12 13:05:35.091 - INFO: # Validation # SSIM: 6.2714e-01:
23-12-12 13:05:35.091 - INFO: Saving models and training states.
23-12-12 13:11:09.786 - INFO: [epoch:104, iter:  32,000, lr:(2.475e-05,)] l_pix: 3.2570e+05 l_amp: 7.0495e+05 l_vgg: 4.9744e-02 
23-12-12 13:11:47.681 - INFO: # Validation # PSNR: 2.0893e+01:
23-12-12 13:11:47.682 - INFO: # Validation # SSIM: 6.2500e-01:
23-12-12 13:11:47.682 - INFO: Saving models and training states.
23-12-12 13:17:22.554 - INFO: [epoch:107, iter:  33,000, lr:(2.475e-05,)] l_pix: 2.8704e+05 l_amp: 6.6402e+05 l_vgg: 4.0841e-02 
23-12-12 13:18:00.542 - INFO: # Validation # PSNR: 2.0871e+01:
23-12-12 13:18:00.543 - INFO: # Validation # SSIM: 6.2476e-01:
23-12-12 13:18:00.543 - INFO: Saving models and training states.
23-12-12 13:23:37.633 - INFO: [epoch:111, iter:  34,000, lr:(2.475e-05,)] l_pix: 3.0749e+05 l_amp: 4.5125e+05 l_vgg: 3.2304e-02 
23-12-12 13:24:15.827 - INFO: # Validation # PSNR: 2.0806e+01:
23-12-12 13:24:15.828 - INFO: # Validation # SSIM: 6.2436e-01:
23-12-12 13:24:15.828 - INFO: Saving models and training states.
23-12-12 13:29:51.285 - INFO: [epoch:114, iter:  35,000, lr:(2.475e-05,)] l_pix: 2.2169e+05 l_amp: 5.9044e+05 l_vgg: 5.2549e-02 
23-12-12 13:30:29.567 - INFO: # Validation # PSNR: 2.1066e+01: best psnr : 2.1066e+01
23-12-12 13:30:29.567 - INFO: # Validation # SSIM: 6.2799e-01:
23-12-12 13:30:29.567 - INFO: Saving models and training states.
23-12-12 13:36:05.372 - INFO: [epoch:117, iter:  36,000, lr:(2.475e-05,)] l_pix: 2.7135e+05 l_amp: 6.4096e+05 l_vgg: 4.6828e-02 
23-12-12 13:36:43.046 - INFO: # Validation # PSNR: 2.0980e+01:
23-12-12 13:36:43.047 - INFO: # Validation # SSIM: 6.2414e-01:
23-12-12 13:36:43.047 - INFO: Saving models and training states.
23-12-12 13:42:18.048 - INFO: [epoch:120, iter:  37,000, lr:(2.475e-05,)] l_pix: 2.4272e+05 l_amp: 6.3401e+05 l_vgg: 4.4193e-02 
23-12-12 13:42:56.062 - INFO: # Validation # PSNR: 2.1000e+01:
23-12-12 13:42:56.062 - INFO: # Validation # SSIM: 6.2679e-01:
23-12-12 13:42:56.062 - INFO: Saving models and training states.
23-12-12 13:48:33.320 - INFO: [epoch:124, iter:  38,000, lr:(2.475e-05,)] l_pix: 3.2660e+05 l_amp: 7.7767e+05 l_vgg: 4.7372e-02 
23-12-12 13:49:11.546 - INFO: # Validation # PSNR: 2.0999e+01:
23-12-12 13:49:11.546 - INFO: # Validation # SSIM: 6.2678e-01:
23-12-12 13:49:11.547 - INFO: Saving models and training states.
23-12-12 13:54:47.662 - INFO: [epoch:127, iter:  39,000, lr:(2.475e-05,)] l_pix: 2.2858e+05 l_amp: 7.8925e+05 l_vgg: 5.4335e-02 
23-12-12 13:55:25.668 - INFO: # Validation # PSNR: 2.1051e+01:
23-12-12 13:55:25.668 - INFO: # Validation # SSIM: 6.2572e-01:
23-12-12 13:55:25.668 - INFO: Saving models and training states.
23-12-12 14:01:00.648 - INFO: [epoch:130, iter:  40,000, lr:(2.475e-05,)] l_pix: 2.7599e+05 l_amp: 5.8888e+05 l_vgg: 4.0801e-02 
23-12-12 14:01:38.806 - INFO: # Validation # PSNR: 2.0927e+01:
23-12-12 14:01:38.807 - INFO: # Validation # SSIM: 6.2651e-01:
23-12-12 14:01:38.807 - INFO: Saving models and training states.
23-12-12 14:07:13.516 - INFO: [epoch:133, iter:  41,000, lr:(2.475e-05,)] l_pix: 2.6706e+05 l_amp: 7.1553e+05 l_vgg: 3.6673e-02 
23-12-12 14:07:51.475 - INFO: # Validation # PSNR: 2.0972e+01:
23-12-12 14:07:51.475 - INFO: # Validation # SSIM: 6.2641e-01:
23-12-12 14:07:51.475 - INFO: Saving models and training states.
23-12-12 14:13:27.948 - INFO: [epoch:137, iter:  42,000, lr:(2.475e-05,)] l_pix: 2.4592e+05 l_amp: 6.7570e+05 l_vgg: 4.9886e-02 
23-12-12 14:14:06.174 - INFO: # Validation # PSNR: 2.0929e+01:
23-12-12 14:14:06.174 - INFO: # Validation # SSIM: 6.2435e-01:
23-12-12 14:14:06.174 - INFO: Saving models and training states.
23-12-12 14:19:41.126 - INFO: [epoch:140, iter:  43,000, lr:(2.475e-05,)] l_pix: 2.9081e+05 l_amp: 5.8542e+05 l_vgg: 4.1214e-02 
23-12-12 14:20:19.247 - INFO: # Validation # PSNR: 2.0783e+01:
23-12-12 14:20:19.247 - INFO: # Validation # SSIM: 6.2417e-01:
23-12-12 14:20:19.247 - INFO: Saving models and training states.
23-12-12 14:25:54.436 - INFO: [epoch:143, iter:  44,000, lr:(2.475e-05,)] l_pix: 3.0435e+05 l_amp: 6.9679e+05 l_vgg: 4.5165e-02 
23-12-12 14:26:32.186 - INFO: # Validation # PSNR: 2.0888e+01:
23-12-12 14:26:32.186 - INFO: # Validation # SSIM: 6.2508e-01:
23-12-12 14:26:32.186 - INFO: Saving models and training states.
23-12-12 14:32:08.251 - INFO: [epoch:147, iter:  45,000, lr:(2.475e-05,)] l_pix: 2.7238e+05 l_amp: 6.1680e+05 l_vgg: 4.0152e-02 
23-12-12 14:32:45.934 - INFO: # Validation # PSNR: 2.0812e+01:
23-12-12 14:32:45.934 - INFO: # Validation # SSIM: 6.2351e-01:
23-12-12 14:32:45.934 - INFO: Saving models and training states.
23-12-12 14:38:20.062 - INFO: [epoch:150, iter:  46,000, lr:(2.475e-05,)] l_pix: 2.9876e+05 l_amp: 6.1663e+05 l_vgg: 4.0383e-02 
23-12-12 14:38:58.135 - INFO: # Validation # PSNR: 1.9942e+01:
23-12-12 14:38:58.136 - INFO: # Validation # SSIM: 6.1432e-01:
23-12-12 14:38:58.136 - INFO: Saving models and training states.
23-12-12 14:44:32.030 - INFO: [epoch:153, iter:  47,000, lr:(2.475e-05,)] l_pix: 3.3260e+05 l_amp: 8.2605e+05 l_vgg: 4.8269e-02 
23-12-12 14:45:09.572 - INFO: # Validation # PSNR: 2.0901e+01:
23-12-12 14:45:09.573 - INFO: # Validation # SSIM: 6.2688e-01:
23-12-12 14:45:09.573 - INFO: Saving models and training states.
23-12-12 14:50:44.318 - INFO: [epoch:156, iter:  48,000, lr:(2.475e-05,)] l_pix: 2.6213e+05 l_amp: 6.5142e+05 l_vgg: 4.9484e-02 
23-12-12 14:51:22.103 - INFO: # Validation # PSNR: 2.0944e+01:
23-12-12 14:51:22.104 - INFO: # Validation # SSIM: 6.2479e-01:
23-12-12 14:51:22.104 - INFO: Saving models and training states.
23-12-12 14:56:58.435 - INFO: [epoch:160, iter:  49,000, lr:(2.475e-05,)] l_pix: 3.7237e+05 l_amp: 4.5605e+05 l_vgg: 3.2557e-02 
23-12-12 14:57:36.156 - INFO: # Validation # PSNR: 2.0954e+01:
23-12-12 14:57:36.156 - INFO: # Validation # SSIM: 6.2694e-01:
23-12-12 14:57:36.156 - INFO: Saving models and training states.
23-12-12 15:03:12.414 - INFO: [epoch:163, iter:  50,000, lr:(1.237e-05,)] l_pix: 2.3839e+05 l_amp: 4.8848e+05 l_vgg: 3.9912e-02 
23-12-12 15:03:49.993 - INFO: # Validation # PSNR: 2.0806e+01:
23-12-12 15:03:49.993 - INFO: # Validation # SSIM: 6.2237e-01:
23-12-12 15:03:49.994 - INFO: Saving models and training states.
23-12-12 15:09:27.523 - INFO: [epoch:166, iter:  51,000, lr:(1.237e-05,)] l_pix: 2.9183e+05 l_amp: 7.4553e+05 l_vgg: 4.8811e-02 
23-12-12 15:10:03.899 - INFO: # Validation # PSNR: 2.0398e+01:
23-12-12 15:10:03.900 - INFO: # Validation # SSIM: 6.2067e-01:
23-12-12 15:10:03.900 - INFO: Saving models and training states.
23-12-12 15:15:38.875 - INFO: [epoch:169, iter:  52,000, lr:(1.237e-05,)] l_pix: 2.5998e+05 l_amp: 7.2758e+05 l_vgg: 4.0549e-02 
23-12-12 15:16:15.767 - INFO: # Validation # PSNR: 2.0720e+01:
23-12-12 15:16:15.767 - INFO: # Validation # SSIM: 6.2466e-01:
23-12-12 15:16:15.767 - INFO: Saving models and training states.
23-12-12 15:21:51.634 - INFO: [epoch:173, iter:  53,000, lr:(1.237e-05,)] l_pix: 3.2771e+05 l_amp: 6.6580e+05 l_vgg: 4.2354e-02 
23-12-12 15:22:29.124 - INFO: # Validation # PSNR: 2.0626e+01:
23-12-12 15:22:29.124 - INFO: # Validation # SSIM: 6.2410e-01:
23-12-12 15:22:29.124 - INFO: Saving models and training states.
23-12-12 15:28:06.488 - INFO: [epoch:176, iter:  54,000, lr:(1.237e-05,)] l_pix: 4.2879e+05 l_amp: 7.1842e+05 l_vgg: 4.9432e-02 
23-12-12 15:28:43.836 - INFO: # Validation # PSNR: 2.0511e+01:
23-12-12 15:28:43.836 - INFO: # Validation # SSIM: 6.2073e-01:
23-12-12 15:28:43.837 - INFO: Saving models and training states.
23-12-12 15:34:18.586 - INFO: [epoch:179, iter:  55,000, lr:(1.237e-05,)] l_pix: 1.9712e+05 l_amp: 6.7981e+05 l_vgg: 4.0388e-02 
23-12-12 15:34:55.878 - INFO: # Validation # PSNR: 2.0995e+01:
23-12-12 15:34:55.879 - INFO: # Validation # SSIM: 6.2736e-01:
23-12-12 15:34:55.879 - INFO: Saving models and training states.
23-12-12 15:40:30.937 - INFO: [epoch:183, iter:  56,000, lr:(1.237e-05,)] l_pix: 2.2620e+05 l_amp: 5.3833e+05 l_vgg: 4.1748e-02 
23-12-12 15:41:08.402 - INFO: # Validation # PSNR: 2.1106e+01: best psnr : 2.1106e+01
23-12-12 15:41:08.402 - INFO: # Validation # SSIM: 6.2745e-01:
23-12-12 15:41:08.402 - INFO: Saving models and training states.
23-12-12 15:46:42.280 - INFO: [epoch:186, iter:  57,000, lr:(1.237e-05,)] l_pix: 3.8339e+05 l_amp: 5.6860e+05 l_vgg: 4.0392e-02 
23-12-12 15:47:19.378 - INFO: # Validation # PSNR: 2.0688e+01:
23-12-12 15:47:19.378 - INFO: # Validation # SSIM: 6.2400e-01:
23-12-12 15:47:19.378 - INFO: Saving models and training states.
23-12-12 15:52:57.813 - INFO: [epoch:189, iter:  58,000, lr:(1.237e-05,)] l_pix: 2.2754e+05 l_amp: 5.7082e+05 l_vgg: 3.9667e-02 
23-12-12 15:53:35.362 - INFO: # Validation # PSNR: 2.0736e+01:
23-12-12 15:53:35.363 - INFO: # Validation # SSIM: 6.2559e-01:
23-12-12 15:53:35.363 - INFO: Saving models and training states.
23-12-12 15:59:09.188 - INFO: [epoch:192, iter:  59,000, lr:(1.237e-05,)] l_pix: 2.9873e+05 l_amp: 7.8182e+05 l_vgg: 4.7057e-02 
23-12-12 15:59:46.244 - INFO: # Validation # PSNR: 2.0916e+01:
23-12-12 15:59:46.245 - INFO: # Validation # SSIM: 6.2693e-01:
23-12-12 15:59:46.245 - INFO: Saving models and training states.
23-12-12 16:05:21.120 - INFO: [epoch:196, iter:  60,000, lr:(1.237e-05,)] l_pix: 3.7673e+05 l_amp: 6.6005e+05 l_vgg: 3.9493e-02 
23-12-12 16:05:57.939 - INFO: # Validation # PSNR: 2.0932e+01:
23-12-12 16:05:57.939 - INFO: # Validation # SSIM: 6.2673e-01:
23-12-12 16:05:57.939 - INFO: Saving models and training states.
23-12-12 16:11:32.187 - INFO: [epoch:199, iter:  61,000, lr:(1.237e-05,)] l_pix: 2.6871e+05 l_amp: 8.1996e+05 l_vgg: 5.3234e-02 
23-12-12 16:12:09.711 - INFO: # Validation # PSNR: 2.0804e+01:
23-12-12 16:12:09.712 - INFO: # Validation # SSIM: 6.2459e-01:
23-12-12 16:12:09.712 - INFO: Saving models and training states.
23-12-12 16:17:46.444 - INFO: [epoch:202, iter:  62,000, lr:(1.237e-05,)] l_pix: 2.2631e+05 l_amp: 7.4020e+05 l_vgg: 4.3278e-02 
23-12-12 16:18:23.594 - INFO: # Validation # PSNR: 2.0672e+01:
23-12-12 16:18:23.595 - INFO: # Validation # SSIM: 6.2116e-01:
23-12-12 16:18:23.595 - INFO: Saving models and training states.
23-12-12 16:23:57.722 - INFO: [epoch:205, iter:  63,000, lr:(1.237e-05,)] l_pix: 2.9648e+05 l_amp: 7.6796e+05 l_vgg: 5.2754e-02 
23-12-12 16:24:35.506 - INFO: # Validation # PSNR: 2.0718e+01:
23-12-12 16:24:35.507 - INFO: # Validation # SSIM: 6.2308e-01:
23-12-12 16:24:35.507 - INFO: Saving models and training states.
23-12-12 16:30:12.098 - INFO: [epoch:209, iter:  64,000, lr:(1.237e-05,)] l_pix: 1.7736e+05 l_amp: 6.1549e+05 l_vgg: 4.4121e-02 
23-12-12 16:30:49.282 - INFO: # Validation # PSNR: 2.0868e+01:
23-12-12 16:30:49.283 - INFO: # Validation # SSIM: 6.2502e-01:
23-12-12 16:30:49.283 - INFO: Saving models and training states.
23-12-12 16:36:25.074 - INFO: [epoch:212, iter:  65,000, lr:(1.237e-05,)] l_pix: 2.2079e+05 l_amp: 5.7738e+05 l_vgg: 4.1156e-02 
23-12-12 16:37:02.515 - INFO: # Validation # PSNR: 2.0935e+01:
23-12-12 16:37:02.516 - INFO: # Validation # SSIM: 6.2539e-01:
23-12-12 16:37:02.516 - INFO: Saving models and training states.
23-12-12 16:42:38.379 - INFO: [epoch:215, iter:  66,000, lr:(1.237e-05,)] l_pix: 2.7394e+05 l_amp: 7.3976e+05 l_vgg: 4.4664e-02 
23-12-12 16:43:15.839 - INFO: # Validation # PSNR: 2.0616e+01:
23-12-12 16:43:15.840 - INFO: # Validation # SSIM: 6.2222e-01:
23-12-12 16:43:15.840 - INFO: Saving models and training states.
